<?xml version="1.0" encoding="UTF-8"?>
<testng-results skipped="0" failed="0" total="1" passed="1">
  <reporter-output>
  </reporter-output>
  <suite name="Command line suite" duration-ms="21" started-at="2016-01-29T12:35:19Z" finished-at="2016-01-29T12:35:19Z">
    <groups>
    </groups>
    <test name="Command line test" duration-ms="21" started-at="2016-01-29T12:35:19Z" finished-at="2016-01-29T12:35:19Z">
      <class name="oyo.webdesktop.AppTest">
        <test-method status="PASS" signature="testApp()" name="testApp" duration-ms="10" started-at="2016-01-29T12:35:19Z" finished-at="2016-01-29T12:35:19Z">
        </test-method>
      </class>
    </test>
  </suite>
</testng-results>
