<?xml version="1.0" encoding="UTF-8"?>
<testng-results skipped="0" failed="0" total="1" passed="1">
  <reporter-output>
  </reporter-output>
  <suite name="Command line suite" duration-ms="6791" started-at="2016-01-29T12:35:12Z" finished-at="2016-01-29T12:35:19Z">
    <groups>
    </groups>
    <test name="Command line test" duration-ms="6791" started-at="2016-01-29T12:35:12Z" finished-at="2016-01-29T12:35:19Z">
      <class name="oyo.webdesktop.HomePageTest">
        <test-method status="PASS" signature="beforeClass()" name="beforeClass" is-config="true" duration-ms="6775" started-at="2016-01-29T12:35:12Z" finished-at="2016-01-29T12:35:19Z">
        </test-method>
        <test-method status="PASS" signature="f()" name="f" duration-ms="1" started-at="2016-01-29T12:35:19Z" finished-at="2016-01-29T12:35:19Z">
        </test-method>
        <test-method status="PASS" signature="afterClass()" name="afterClass" is-config="true" duration-ms="0" started-at="2016-01-29T12:35:19Z" finished-at="2016-01-29T12:35:19Z">
        </test-method>
      </class>
    </test>
  </suite>
</testng-results>
