<?xml version="1.0" encoding="UTF-8"?>
<testng-results skipped="0" failed="0" total="1" passed="1">
  <reporter-output>
  </reporter-output>
  <suite name="tests.HomePageTest" duration-ms="3575" started-at="2016-01-29T17:25:13Z" finished-at="2016-01-29T17:25:17Z">
    <groups>
    </groups>
    <test name="Command line test" duration-ms="3575" started-at="2016-01-29T17:25:13Z" finished-at="2016-01-29T17:25:17Z">
      <class name="tests.HomePageTest">
        <test-method status="PASS" signature="beforeClass()" name="beforeClass" is-config="true" duration-ms="3444" started-at="2016-01-29T17:25:13Z" finished-at="2016-01-29T17:25:17Z">
        </test-method>
        <test-method status="PASS" signature="foo()" name="foo" duration-ms="8" started-at="2016-01-29T17:25:17Z" finished-at="2016-01-29T17:25:17Z">
        </test-method>
        <test-method status="PASS" signature="afterClass()" name="afterClass" is-config="true" duration-ms="109" started-at="2016-01-29T17:25:17Z" finished-at="2016-01-29T17:25:17Z">
        </test-method>
      </class>
    </test>
  </suite>
</testng-results>
