<?xml version="1.0" encoding="UTF-8"?>
<testng-results skipped="0" failed="0" total="1" passed="1">
  <reporter-output>
  </reporter-output>
  <suite name="oyo.webdesktop.HomePageTest" duration-ms="8041" started-at="2016-01-29T15:42:14Z" finished-at="2016-01-29T15:42:22Z">
    <groups>
    </groups>
    <test name="Command line test" duration-ms="8041" started-at="2016-01-29T15:42:14Z" finished-at="2016-01-29T15:42:22Z">
      <class name="oyo.webdesktop.HomePageTest">
        <test-method status="PASS" signature="beforeClass()" name="beforeClass" is-config="true" duration-ms="8009" started-at="2016-01-29T15:42:14Z" finished-at="2016-01-29T15:42:22Z">
        </test-method>
        <test-method status="PASS" signature="foo()" name="foo" duration-ms="15" started-at="2016-01-29T15:42:22Z" finished-at="2016-01-29T15:42:22Z">
        </test-method>
        <test-method status="PASS" signature="afterClass()" name="afterClass" is-config="true" duration-ms="1" started-at="2016-01-29T15:42:22Z" finished-at="2016-01-29T15:42:22Z">
        </test-method>
      </class>
    </test>
  </suite>
</testng-results>
